<?xml version="1.0" encoding="UTF-8"?>
<!-- Generated by org.testng.reporters.JUnitReportReporter -->
<testsuite skipped="0" hostname="securax2" name="com.samaya.qa.testcases.EmployeesPageTest" tests="1" failures="0" timestamp="13 Nov 2017 08:24:52 GMT" time="5.769" errors="0">
  <testcase name="verifyEmployeeButton" time="5.769" classname="com.samaya.qa.testcases.EmployeesPageTest"/>
</testsuite> <!-- com.samaya.qa.testcases.EmployeesPageTest -->
