<?xml version="1.0" encoding="UTF-8"?>
<!-- Generated by org.testng.reporters.JUnitReportReporter -->
<testsuite skipped="0" hostname="securax2" name="com.samaya.qa.testcases.policymanagement.TestCompOffPolicy" tests="1" failures="0" timestamp="08 Dec 2017 08:58:57 GMT" time="42.489" errors="0">
  <testcase name="verifyPresenceOnNonWorkingDayswithoutUsingPrior" time="42.489" classname="com.samaya.qa.testcases.policymanagement.TestCompOffPolicy"/>
</testsuite> <!-- com.samaya.qa.testcases.policymanagement.TestCompOffPolicy -->
