<?xml version="1.0" encoding="UTF-8"?>
<!-- Generated by org.testng.reporters.JUnitReportReporter -->
<testsuite skipped="0" hostname="securax2" name="com.samaya.qa.testcases.organisation.DesignationPageTest" tests="6" failures="0" timestamp="29 Nov 2017 06:20:49 GMT" time="31.834" errors="0">
  <testcase name="verifyDesignationPage" time="4.738" classname="com.samaya.qa.testcases.organisation.DesignationPageTest"/>
  <testcase name="validateDesign" time="6.020" classname="com.samaya.qa.testcases.organisation.DesignationPageTest"/>
  <testcase name="validateDesign" time="6.177" classname="com.samaya.qa.testcases.organisation.DesignationPageTest"/>
  <testcase name="validateDesign" time="6.332" classname="com.samaya.qa.testcases.organisation.DesignationPageTest"/>
  <testcase name="validateDesign" time="6.159" classname="com.samaya.qa.testcases.organisation.DesignationPageTest"/>
  <testcase name="logoutDesignScreen" time="2.408" classname="com.samaya.qa.testcases.organisation.DesignationPageTest"/>
</testsuite> <!-- com.samaya.qa.testcases.organisation.DesignationPageTest -->
