<?xml version="1.0" encoding="UTF-8"?>
<!-- Generated by org.testng.reporters.JUnitReportReporter -->
<testsuite skipped="0" hostname="securax2" name="com.samaya.qa.testcases.ManageTagPageTest" tests="5" failures="0" timestamp="23 Nov 2017 06:01:35 GMT" time="32.686" errors="0">
  <testcase name="verifyManagePage" time="5.487" classname="com.samaya.qa.testcases.ManageTagPageTest"/>
  <testcase name="validateManageTag" time="8.363" classname="com.samaya.qa.testcases.ManageTagPageTest"/>
  <testcase name="validateManageTag" time="8.235" classname="com.samaya.qa.testcases.ManageTagPageTest"/>
  <testcase name="validateManageTag" time="8.289" classname="com.samaya.qa.testcases.ManageTagPageTest"/>
  <testcase name="logoutDepartmentScreen" time="2.312" classname="com.samaya.qa.testcases.ManageTagPageTest"/>
</testsuite> <!-- com.samaya.qa.testcases.ManageTagPageTest -->
