<?xml version="1.0" encoding="UTF-8"?>
<!-- Generated by org.testng.reporters.JUnitReportReporter -->
<testsuite skipped="0" hostname="securax2" name="com.samaya.qa.testcases.DesignationPageTest" tests="6" failures="0" timestamp="23 Nov 2017 06:04:11 GMT" time="32.549" errors="0">
  <testcase name="verifyDesignationPage" time="5.720" classname="com.samaya.qa.testcases.DesignationPageTest"/>
  <testcase name="validateDepartment" time="6.067" classname="com.samaya.qa.testcases.DesignationPageTest"/>
  <testcase name="validateDepartment" time="6.198" classname="com.samaya.qa.testcases.DesignationPageTest"/>
  <testcase name="validateDepartment" time="6.150" classname="com.samaya.qa.testcases.DesignationPageTest"/>
  <testcase name="validateDepartment" time="6.125" classname="com.samaya.qa.testcases.DesignationPageTest"/>
  <testcase name="logoutDepartmentScreen" time="2.289" classname="com.samaya.qa.testcases.DesignationPageTest"/>
</testsuite> <!-- com.samaya.qa.testcases.DesignationPageTest -->
