<?xml version="1.0" encoding="UTF-8"?>
<!-- Generated by org.testng.reporters.JUnitReportReporter -->
<testsuite skipped="0" hostname="securax2" name="com.samaya.qa.testcases.policymanagement.TestLeavePolicy" tests="1" failures="0" timestamp="06 Dec 2017 06:18:57 GMT" time="3.749" errors="0">
  <testcase name="verifyLeavePolicyPage" time="3.749" classname="com.samaya.qa.testcases.policymanagement.TestLeavePolicy"/>
</testsuite> <!-- com.samaya.qa.testcases.policymanagement.TestLeavePolicy -->
