<?xml version="1.0" encoding="UTF-8"?>
<!-- Generated by org.testng.reporters.JUnitReportReporter -->
<testsuite skipped="0" hostname="securax2" name="com.samaya.qa.testcases.organisation.AffiliatePageTest" tests="5" failures="0" timestamp="29 Nov 2017 06:20:49 GMT" time="32.407" errors="0">
  <testcase name="verifyAffilitePage" time="5.062" classname="com.samaya.qa.testcases.organisation.AffiliatePageTest"/>
  <testcase name="validateCreateAffiliate" time="7.652" classname="com.samaya.qa.testcases.organisation.AffiliatePageTest"/>
  <testcase name="validateCreateAffiliate" time="7.793" classname="com.samaya.qa.testcases.organisation.AffiliatePageTest"/>
  <testcase name="validateCreateAffiliate" time="9.569" classname="com.samaya.qa.testcases.organisation.AffiliatePageTest"/>
  <testcase name="closeCreatePage" time="2.331" classname="com.samaya.qa.testcases.organisation.AffiliatePageTest"/>
</testsuite> <!-- com.samaya.qa.testcases.organisation.AffiliatePageTest -->
