<?xml version="1.0" encoding="UTF-8"?>
<!-- Generated by org.testng.reporters.JUnitReportReporter -->
<testsuite skipped="0" hostname="securax2" name="com.samaya.qa.testcases.EmpTypePageTest" tests="4" failures="0" timestamp="23 Nov 2017 12:45:11 GMT" time="33.239" errors="0">
  <testcase name="verifyDesignationPage" time="5.402" classname="com.samaya.qa.testcases.EmpTypePageTest"/>
  <testcase name="validateEmpType" time="12.473" classname="com.samaya.qa.testcases.EmpTypePageTest"/>
  <testcase name="validateEmpType" time="12.804" classname="com.samaya.qa.testcases.EmpTypePageTest"/>
  <testcase name="logoutDesignScreen" time="2.560" classname="com.samaya.qa.testcases.EmpTypePageTest"/>
</testsuite> <!-- com.samaya.qa.testcases.EmpTypePageTest -->
