<?xml version="1.0" encoding="UTF-8"?>
<!-- Generated by org.testng.reporters.JUnitReportReporter -->
<testsuite skipped="0" hostname="securax2" name="com.samaya.qa.testcases.organisation.DepartmentpageTest" tests="6" failures="0" timestamp="05 Dec 2017 18:01:08 GMT" time="56.075" errors="0">
  <testcase name="verifyDepartmentPage" time="5.433" classname="com.samaya.qa.testcases.organisation.DepartmentpageTest"/>
  <testcase name="validateEmpType" time="11.893" classname="com.samaya.qa.testcases.organisation.DepartmentpageTest"/>
  <testcase name="validateEmpType" time="12.083" classname="com.samaya.qa.testcases.organisation.DepartmentpageTest"/>
  <testcase name="validateEmpType" time="12.169" classname="com.samaya.qa.testcases.organisation.DepartmentpageTest"/>
  <testcase name="validateEmpType" time="12.128" classname="com.samaya.qa.testcases.organisation.DepartmentpageTest"/>
  <testcase name="logoutDepartmentScreen" time="2.369" classname="com.samaya.qa.testcases.organisation.DepartmentpageTest"/>
</testsuite> <!-- com.samaya.qa.testcases.organisation.DepartmentpageTest -->
