<?xml version="1.0" encoding="UTF-8"?>
<!-- Generated by org.testng.reporters.JUnitReportReporter -->
<testsuite skipped="0" hostname="securax2" name="com.samaya.qa.testcases.organisation.BranchPageTest" tests="5" failures="0" timestamp="05 Dec 2017 17:01:10 GMT" time="66.313" errors="0">
  <testcase name="verifyBranchPage" time="6.608" classname="com.samaya.qa.testcases.organisation.BranchPageTest"/>
  <testcase name="validateCreateBranch" time="19.926" classname="com.samaya.qa.testcases.organisation.BranchPageTest"/>
  <testcase name="validateCreateBranch" time="18.563" classname="com.samaya.qa.testcases.organisation.BranchPageTest"/>
  <testcase name="validateCreateBranch" time="18.699" classname="com.samaya.qa.testcases.organisation.BranchPageTest"/>
  <testcase name="logoutBranchScreen" time="2.517" classname="com.samaya.qa.testcases.organisation.BranchPageTest"/>
</testsuite> <!-- com.samaya.qa.testcases.organisation.BranchPageTest -->
