<?xml version="1.0" encoding="UTF-8"?>
<!-- Generated by org.testng.reporters.JUnitReportReporter -->
<testsuite skipped="0" hostname="securax2" name="com.samaya.qa.testcases.organisation.DepartmentpageTest" tests="4" failures="0" timestamp="19 Dec 2017 12:40:28 GMT" time="32.432" errors="0">
  <testcase name="verifyDepartmentPage" time="5.275" classname="com.samaya.qa.testcases.organisation.DepartmentpageTest"/>
  <testcase name="validateEmpType" time="12.195" classname="com.samaya.qa.testcases.organisation.DepartmentpageTest"/>
  <testcase name="validateEmpType" time="12.448" classname="com.samaya.qa.testcases.organisation.DepartmentpageTest"/>
  <testcase name="logoutDepartmentScreen" time="2.514" classname="com.samaya.qa.testcases.organisation.DepartmentpageTest"/>
</testsuite> <!-- com.samaya.qa.testcases.organisation.DepartmentpageTest -->
