<?xml version="1.0" encoding="UTF-8"?>
<!-- Generated by org.testng.reporters.JUnitReportReporter -->
<testsuite skipped="0" hostname="securax2" name="com.samaya.qa.testcases.LeaveTypePageTest" tests="4" failures="0" timestamp="23 Nov 2017 10:20:39 GMT" time="33.139" errors="0">
  <testcase name="verifyManagePage" time="5.806" classname="com.samaya.qa.testcases.LeaveTypePageTest"/>
  <testcase name="validateLeaveType" time="12.507" classname="com.samaya.qa.testcases.LeaveTypePageTest"/>
  <testcase name="validateLeaveType" time="12.451" classname="com.samaya.qa.testcases.LeaveTypePageTest"/>
  <testcase name="logoutManageScreen" time="2.375" classname="com.samaya.qa.testcases.LeaveTypePageTest"/>
</testsuite> <!-- com.samaya.qa.testcases.LeaveTypePageTest -->
