<?xml version="1.0" encoding="UTF-8"?>
<!-- Generated by org.testng.reporters.JUnitReportReporter -->
<testsuite skipped="1" hostname="securax2" name="com.samaya.qa.testcases.organisation.DepartmentTest" tests="3" failures="0" timestamp="05 Dec 2017 09:57:37 GMT" time="11.419" errors="0">
  <testcase name="verifyDepartmentPage" time="9.012" classname="com.samaya.qa.testcases.organisation.DepartmentTest"/>
  <testcase name="validateDepartment" time="0.000" classname="com.samaya.qa.testcases.organisation.DepartmentTest">
    <skipped/>
  </testcase> <!-- validateDepartment -->
  <testcase name="logoutDepartmentScreen" time="2.407" classname="com.samaya.qa.testcases.organisation.DepartmentTest"/>
</testsuite> <!-- com.samaya.qa.testcases.organisation.DepartmentTest -->
