<?xml version="1.0" encoding="UTF-8"?>
<!-- Generated by org.testng.reporters.JUnitReportReporter -->
<testsuite skipped="0" hostname="securax2" name="com.samaya.qa.testcases.DesignationPageTest" tests="6" failures="0" timestamp="23 Nov 2017 10:20:39 GMT" time="32.423" errors="0">
  <testcase name="verifyDesignationPage" time="4.882" classname="com.samaya.qa.testcases.DesignationPageTest"/>
  <testcase name="validateDesign" time="6.398" classname="com.samaya.qa.testcases.DesignationPageTest"/>
  <testcase name="validateDesign" time="6.300" classname="com.samaya.qa.testcases.DesignationPageTest"/>
  <testcase name="validateDesign" time="6.228" classname="com.samaya.qa.testcases.DesignationPageTest"/>
  <testcase name="validateDesign" time="6.235" classname="com.samaya.qa.testcases.DesignationPageTest"/>
  <testcase name="logoutDesignScreen" time="2.380" classname="com.samaya.qa.testcases.DesignationPageTest"/>
</testsuite> <!-- com.samaya.qa.testcases.DesignationPageTest -->
