<?xml version="1.0" encoding="UTF-8"?>
<!-- Generated by org.testng.reporters.JUnitReportReporter -->
<testsuite skipped="0" hostname="securax2" name="com.samaya.qa.testcases.LeaveTypePageTest" tests="4" failures="0" timestamp="23 Nov 2017 12:45:11 GMT" time="33.356" errors="0">
  <testcase name="verifyManagePage" time="5.780" classname="com.samaya.qa.testcases.LeaveTypePageTest"/>
  <testcase name="validateLeaveType" time="12.749" classname="com.samaya.qa.testcases.LeaveTypePageTest"/>
  <testcase name="validateLeaveType" time="12.426" classname="com.samaya.qa.testcases.LeaveTypePageTest"/>
  <testcase name="logoutManageScreen" time="2.401" classname="com.samaya.qa.testcases.LeaveTypePageTest"/>
</testsuite> <!-- com.samaya.qa.testcases.LeaveTypePageTest -->
