<?xml version="1.0" encoding="UTF-8"?>
<!-- Generated by org.testng.reporters.JUnitReportReporter -->
<testsuite skipped="0" hostname="securax2" name="com.samaya.qa.testcases.organisation.EmployeesPageTest" tests="1" failures="0" timestamp="29 Nov 2017 17:05:14 GMT" time="21.984" errors="0">
  <testcase name="verifyEmployeeButton" time="21.984" classname="com.samaya.qa.testcases.organisation.EmployeesPageTest"/>
</testsuite> <!-- com.samaya.qa.testcases.organisation.EmployeesPageTest -->
