<?xml version="1.0" encoding="UTF-8"?>
<!-- Generated by org.testng.reporters.JUnitReportReporter -->
<testsuite skipped="0" hostname="securax2" name="com.samaya.qa.testcases.ManageTagPageTest" tests="5" failures="0" timestamp="23 Nov 2017 12:45:11 GMT" time="33.629" errors="0">
  <testcase name="verifyManagePage" time="5.135" classname="com.samaya.qa.testcases.ManageTagPageTest"/>
  <testcase name="validateManageTag" time="8.655" classname="com.samaya.qa.testcases.ManageTagPageTest"/>
  <testcase name="validateManageTag" time="8.731" classname="com.samaya.qa.testcases.ManageTagPageTest"/>
  <testcase name="validateManageTag" time="8.618" classname="com.samaya.qa.testcases.ManageTagPageTest"/>
  <testcase name="logoutManageScreen" time="2.490" classname="com.samaya.qa.testcases.ManageTagPageTest"/>
</testsuite> <!-- com.samaya.qa.testcases.ManageTagPageTest -->
