<?xml version="1.0" encoding="UTF-8"?>
<!-- Generated by org.testng.reporters.JUnitReportReporter -->
<testsuite skipped="0" hostname="securax2" name="com.samaya.qa.testcases.organisation.EmpTypePageTest" tests="4" failures="0" timestamp="29 Nov 2017 06:20:49 GMT" time="32.973" errors="0">
  <testcase name="verifyDesignationPage" time="5.571" classname="com.samaya.qa.testcases.organisation.EmpTypePageTest"/>
  <testcase name="validateEmpType" time="12.417" classname="com.samaya.qa.testcases.organisation.EmpTypePageTest"/>
  <testcase name="validateEmpType" time="12.501" classname="com.samaya.qa.testcases.organisation.EmpTypePageTest"/>
  <testcase name="logoutDesignScreen" time="2.484" classname="com.samaya.qa.testcases.organisation.EmpTypePageTest"/>
</testsuite> <!-- com.samaya.qa.testcases.organisation.EmpTypePageTest -->
