<?xml version="1.0" encoding="UTF-8"?>
<!-- Generated by org.testng.reporters.JUnitReportReporter -->
<testsuite skipped="0" hostname="securax2" name="com.samaya.qa.testcases.organisation.DesignationPageTest" tests="5" failures="0" timestamp="19 Dec 2017 12:40:28 GMT" time="27.425" errors="0">
  <testcase name="verifyDesignationPage" time="5.095" classname="com.samaya.qa.testcases.organisation.DesignationPageTest"/>
  <testcase name="validateDesign" time="6.785" classname="com.samaya.qa.testcases.organisation.DesignationPageTest"/>
  <testcase name="validateDesign" time="6.782" classname="com.samaya.qa.testcases.organisation.DesignationPageTest"/>
  <testcase name="validateDesign" time="6.289" classname="com.samaya.qa.testcases.organisation.DesignationPageTest"/>
  <testcase name="logoutDesignScreen" time="2.474" classname="com.samaya.qa.testcases.organisation.DesignationPageTest"/>
</testsuite> <!-- com.samaya.qa.testcases.organisation.DesignationPageTest -->
