<?xml version="1.0" encoding="UTF-8"?>
<!-- Generated by org.testng.reporters.JUnitReportReporter -->
<testsuite skipped="0" hostname="securax2" name="com.samaya.qa.testcases.organisation.AffiliatePageTest" tests="5" failures="0" timestamp="05 Dec 2017 10:34:04 GMT" time="33.397" errors="0">
  <testcase name="verifyAffilitePage" time="5.290" classname="com.samaya.qa.testcases.organisation.AffiliatePageTest"/>
  <testcase name="validateCreateAffiliate" time="8.610" classname="com.samaya.qa.testcases.organisation.AffiliatePageTest"/>
  <testcase name="validateCreateAffiliate" time="8.212" classname="com.samaya.qa.testcases.organisation.AffiliatePageTest"/>
  <testcase name="validateCreateAffiliate" time="8.872" classname="com.samaya.qa.testcases.organisation.AffiliatePageTest"/>
  <testcase name="closeCreatePage" time="2.413" classname="com.samaya.qa.testcases.organisation.AffiliatePageTest"/>
</testsuite> <!-- com.samaya.qa.testcases.organisation.AffiliatePageTest -->
