<?xml version="1.0" encoding="UTF-8"?>
<!-- Generated by org.testng.reporters.JUnitReportReporter -->
<testsuite skipped="0" hostname="securax2" name="com.samaya.qa.testcases.organisation.AffiliatePageTest" tests="5" failures="0" timestamp="19 Dec 2017 12:40:28 GMT" time="29.991" errors="0">
  <testcase name="verifyAffilitePage" time="2.883" classname="com.samaya.qa.testcases.organisation.AffiliatePageTest"/>
  <testcase name="validateCreateAffiliate" time="7.857" classname="com.samaya.qa.testcases.organisation.AffiliatePageTest"/>
  <testcase name="validateCreateAffiliate" time="8.748" classname="com.samaya.qa.testcases.organisation.AffiliatePageTest"/>
  <testcase name="validateCreateAffiliate" time="7.984" classname="com.samaya.qa.testcases.organisation.AffiliatePageTest"/>
  <testcase name="closeCreatePage" time="2.519" classname="com.samaya.qa.testcases.organisation.AffiliatePageTest"/>
</testsuite> <!-- com.samaya.qa.testcases.organisation.AffiliatePageTest -->
