<?xml version="1.0" encoding="UTF-8"?>
<!-- Generated by org.testng.reporters.JUnitReportReporter -->
<testsuite skipped="0" hostname="securax2" name="com.samaya.qa.testcases.organisation.EmpTypePageTest" tests="4" failures="0" timestamp="05 Dec 2017 17:44:32 GMT" time="32.942" errors="0">
  <testcase name="verifyDesignationPage" time="6.097" classname="com.samaya.qa.testcases.organisation.EmpTypePageTest"/>
  <testcase name="validateEmpType" time="12.242" classname="com.samaya.qa.testcases.organisation.EmpTypePageTest"/>
  <testcase name="validateEmpType" time="12.252" classname="com.samaya.qa.testcases.organisation.EmpTypePageTest"/>
  <testcase name="logoutDesignScreen" time="2.351" classname="com.samaya.qa.testcases.organisation.EmpTypePageTest"/>
</testsuite> <!-- com.samaya.qa.testcases.organisation.EmpTypePageTest -->
