<?xml version="1.0" encoding="UTF-8"?>
<!-- Generated by org.testng.reporters.JUnitReportReporter -->
<testsuite skipped="0" hostname="securax2" name="com.samaya.qa.testcases.transactions.OnDutyPageTest" tests="2" failures="0" timestamp="02 Mar 2018 08:28:47 GMT" time="64.298" errors="0">
  <testcase name="approveandWithdrawODByHRorAdmins" time="40.642" classname="com.samaya.qa.testcases.transactions.OnDutyPageTest"/>
  <testcase name="approveandDeclneODByHRorAdmins" time="23.656" classname="com.samaya.qa.testcases.transactions.OnDutyPageTest"/>
</testsuite> <!-- com.samaya.qa.testcases.transactions.OnDutyPageTest -->
