<?xml version="1.0" encoding="UTF-8"?>
<!-- Generated by org.testng.reporters.JUnitReportReporter -->
<testsuite skipped="0" hostname="securax2" name="com.samaya.qa.testcases.organisation.ManageTagPageTest" tests="5" failures="0" timestamp="29 Nov 2017 06:20:49 GMT" time="33.352" errors="0">
  <testcase name="verifyManagePage" time="4.935" classname="com.samaya.qa.testcases.organisation.ManageTagPageTest"/>
  <testcase name="validateManageTag" time="8.587" classname="com.samaya.qa.testcases.organisation.ManageTagPageTest"/>
  <testcase name="validateManageTag" time="8.746" classname="com.samaya.qa.testcases.organisation.ManageTagPageTest"/>
  <testcase name="validateManageTag" time="8.698" classname="com.samaya.qa.testcases.organisation.ManageTagPageTest"/>
  <testcase name="logoutManageScreen" time="2.386" classname="com.samaya.qa.testcases.organisation.ManageTagPageTest"/>
</testsuite> <!-- com.samaya.qa.testcases.organisation.ManageTagPageTest -->
