<?xml version="1.0" encoding="UTF-8"?>
<!-- Generated by org.testng.reporters.JUnitReportReporter -->
<testsuite skipped="0" hostname="securax2" name="com.samaya.qa.testcases.AffiliatePageTest" tests="5" failures="0" timestamp="23 Nov 2017 05:56:34 GMT" time="29.608" errors="0">
  <testcase name="verifyAffilitePage" time="3.138" classname="com.samaya.qa.testcases.AffiliatePageTest"/>
  <testcase name="validateCreateAffiliate" time="7.484" classname="com.samaya.qa.testcases.AffiliatePageTest"/>
  <testcase name="validateCreateAffiliate" time="7.444" classname="com.samaya.qa.testcases.AffiliatePageTest"/>
  <testcase name="validateCreateAffiliate" time="9.100" classname="com.samaya.qa.testcases.AffiliatePageTest"/>
  <testcase name="closeCreatePage" time="2.442" classname="com.samaya.qa.testcases.AffiliatePageTest"/>
</testsuite> <!-- com.samaya.qa.testcases.AffiliatePageTest -->
