<?xml version="1.0" encoding="UTF-8"?>
<!-- Generated by org.testng.reporters.JUnitReportReporter -->
<testsuite skipped="0" hostname="securax2" name="com.samaya.qa.testcases.DesignationPageTest" tests="6" failures="0" timestamp="23 Nov 2017 12:45:11 GMT" time="31.220" errors="0">
  <testcase name="verifyDesignationPage" time="5.002" classname="com.samaya.qa.testcases.DesignationPageTest"/>
  <testcase name="validateDesign" time="5.945" classname="com.samaya.qa.testcases.DesignationPageTest"/>
  <testcase name="validateDesign" time="6.008" classname="com.samaya.qa.testcases.DesignationPageTest"/>
  <testcase name="validateDesign" time="5.930" classname="com.samaya.qa.testcases.DesignationPageTest"/>
  <testcase name="validateDesign" time="6.016" classname="com.samaya.qa.testcases.DesignationPageTest"/>
  <testcase name="logoutDesignScreen" time="2.319" classname="com.samaya.qa.testcases.DesignationPageTest"/>
</testsuite> <!-- com.samaya.qa.testcases.DesignationPageTest -->
