<?xml version="1.0" encoding="UTF-8"?>
<!-- Generated by org.testng.reporters.JUnitReportReporter -->
<testsuite skipped="0" hostname="securax2" name="com.samaya.qa.testcases.ManageTagPageTest" tests="5" failures="0" timestamp="23 Nov 2017 10:20:39 GMT" time="32.569" errors="0">
  <testcase name="verifyManagePage" time="5.117" classname="com.samaya.qa.testcases.ManageTagPageTest"/>
  <testcase name="validateManageTag" time="8.323" classname="com.samaya.qa.testcases.ManageTagPageTest"/>
  <testcase name="validateManageTag" time="8.350" classname="com.samaya.qa.testcases.ManageTagPageTest"/>
  <testcase name="validateManageTag" time="8.438" classname="com.samaya.qa.testcases.ManageTagPageTest"/>
  <testcase name="logoutManageScreen" time="2.341" classname="com.samaya.qa.testcases.ManageTagPageTest"/>
</testsuite> <!-- com.samaya.qa.testcases.ManageTagPageTest -->
