<?xml version="1.0" encoding="UTF-8"?>
<!-- Generated by org.testng.reporters.JUnitReportReporter -->
<testsuite skipped="0" hostname="securax2" name="com.samaya.qa.testcases.DepartmentpageTest" tests="6" failures="0" timestamp="21 Nov 2017 18:31:59 GMT" time="54.814" errors="0">
  <testcase name="verifyDepartmentPage" time="4.752" classname="com.samaya.qa.testcases.DepartmentpageTest"/>
  <testcase name="validateDepartment" time="11.916" classname="com.samaya.qa.testcases.DepartmentpageTest"/>
  <testcase name="validateDepartment" time="11.984" classname="com.samaya.qa.testcases.DepartmentpageTest"/>
  <testcase name="validateDepartment" time="11.845" classname="com.samaya.qa.testcases.DepartmentpageTest"/>
  <testcase name="validateDepartment" time="12.032" classname="com.samaya.qa.testcases.DepartmentpageTest"/>
  <testcase name="logoutDepartmentScreen" time="2.285" classname="com.samaya.qa.testcases.DepartmentpageTest"/>
</testsuite> <!-- com.samaya.qa.testcases.DepartmentpageTest -->
