<?xml version="1.0" encoding="UTF-8"?>
<!-- Generated by org.testng.reporters.JUnitReportReporter -->
<testsuite skipped="1" hostname="securax2" name="com.samaya.qa.testcases.DepartmentpageTest" tests="3" failures="0" timestamp="23 Nov 2017 12:45:11 GMT" time="7.954" errors="0">
  <testcase name="verifyDepartmentPage" time="5.628" classname="com.samaya.qa.testcases.DepartmentpageTest"/>
  <testcase name="validateDepartment" time="0.000" classname="com.samaya.qa.testcases.DepartmentpageTest">
    <skipped/>
  </testcase> <!-- validateDepartment -->
  <testcase name="logoutDepartmentScreen" time="2.326" classname="com.samaya.qa.testcases.DepartmentpageTest"/>
</testsuite> <!-- com.samaya.qa.testcases.DepartmentpageTest -->
