<?xml version="1.0" encoding="UTF-8"?>
<!-- Generated by org.testng.reporters.JUnitReportReporter -->
<testsuite skipped="0" hostname="securax2" name="com.samaya.qa.testcases.organisation.BranchPageTest" tests="5" failures="0" timestamp="19 Dec 2017 12:40:28 GMT" time="64.586" errors="0">
  <testcase name="verifyBranchPage" time="5.294" classname="com.samaya.qa.testcases.organisation.BranchPageTest"/>
  <testcase name="validateCreateBranch" time="18.984" classname="com.samaya.qa.testcases.organisation.BranchPageTest"/>
  <testcase name="validateCreateBranch" time="19.050" classname="com.samaya.qa.testcases.organisation.BranchPageTest"/>
  <testcase name="validateCreateBranch" time="18.813" classname="com.samaya.qa.testcases.organisation.BranchPageTest"/>
  <testcase name="logoutBranchScreen" time="2.445" classname="com.samaya.qa.testcases.organisation.BranchPageTest"/>
</testsuite> <!-- com.samaya.qa.testcases.organisation.BranchPageTest -->
