<?xml version="1.0" encoding="UTF-8"?>
<!-- Generated by org.testng.reporters.JUnitReportReporter -->
<testsuite skipped="0" hostname="securax2" name="com.samaya.qa.testcases.policymanagement.TestWorkHourPolicy" tests="1" failures="0" timestamp="06 Dec 2017 06:24:21 GMT" time="5.822" errors="0">
  <testcase name="verifyLeavePolicyPage" time="5.822" classname="com.samaya.qa.testcases.policymanagement.TestWorkHourPolicy"/>
</testsuite> <!-- com.samaya.qa.testcases.policymanagement.TestWorkHourPolicy -->
