<?xml version="1.0" encoding="UTF-8"?>
<!-- Generated by org.testng.reporters.JUnitReportReporter -->
<testsuite skipped="0" hostname="securax2" name="com.samaya.qa.testcases.AffiliatePageTest" tests="5" failures="0" timestamp="23 Nov 2017 10:20:39 GMT" time="28.918" errors="0">
  <testcase name="verifyAffilitePage" time="3.452" classname="com.samaya.qa.testcases.AffiliatePageTest"/>
  <testcase name="validateCreateAffiliate" time="7.419" classname="com.samaya.qa.testcases.AffiliatePageTest"/>
  <testcase name="validateCreateAffiliate" time="8.223" classname="com.samaya.qa.testcases.AffiliatePageTest"/>
  <testcase name="validateCreateAffiliate" time="7.539" classname="com.samaya.qa.testcases.AffiliatePageTest"/>
  <testcase name="closeCreatePage" time="2.285" classname="com.samaya.qa.testcases.AffiliatePageTest"/>
</testsuite> <!-- com.samaya.qa.testcases.AffiliatePageTest -->
