<?xml version="1.0" encoding="UTF-8"?>
<!-- Generated by org.testng.reporters.JUnitReportReporter -->
<testsuite skipped="0" hostname="securax2" name="com.samaya.qa.testcases.organisation.LeaveTypePageTest" tests="4" failures="0" timestamp="29 Nov 2017 06:20:49 GMT" time="33.885" errors="0">
  <testcase name="verifyManagePage" time="5.498" classname="com.samaya.qa.testcases.organisation.LeaveTypePageTest"/>
  <testcase name="validateLeaveType" time="13.187" classname="com.samaya.qa.testcases.organisation.LeaveTypePageTest"/>
  <testcase name="validateLeaveType" time="12.592" classname="com.samaya.qa.testcases.organisation.LeaveTypePageTest"/>
  <testcase name="logoutManageScreen" time="2.608" classname="com.samaya.qa.testcases.organisation.LeaveTypePageTest"/>
</testsuite> <!-- com.samaya.qa.testcases.organisation.LeaveTypePageTest -->
