<?xml version="1.0" encoding="UTF-8"?>
<!-- Generated by org.testng.reporters.JUnitReportReporter -->
<testsuite skipped="0" hostname="securax2" name="com.samaya.qa.testcases.AffiliatePageTest" tests="5" failures="0" timestamp="23 Nov 2017 12:45:11 GMT" time="30.378" errors="0">
  <testcase name="verifyAffilitePage" time="3.150" classname="com.samaya.qa.testcases.AffiliatePageTest"/>
  <testcase name="validateCreateAffiliate" time="7.800" classname="com.samaya.qa.testcases.AffiliatePageTest"/>
  <testcase name="validateCreateAffiliate" time="8.957" classname="com.samaya.qa.testcases.AffiliatePageTest"/>
  <testcase name="validateCreateAffiliate" time="7.895" classname="com.samaya.qa.testcases.AffiliatePageTest"/>
  <testcase name="closeCreatePage" time="2.576" classname="com.samaya.qa.testcases.AffiliatePageTest"/>
</testsuite> <!-- com.samaya.qa.testcases.AffiliatePageTest -->
