<?xml version="1.0" encoding="UTF-8"?>
<!-- Generated by org.testng.reporters.JUnitReportReporter -->
<testsuite skipped="1" hostname="securax2" name="com.samaya.qa.testcases.organisation.DepartmentpageTest" tests="3" failures="0" timestamp="29 Nov 2017 06:30:01 GMT" time="7.735" errors="0">
  <testcase name="verifyDepartmentPage" time="5.533" classname="com.samaya.qa.testcases.organisation.DepartmentpageTest"/>
  <testcase name="validateDepartment" time="0.000" classname="com.samaya.qa.testcases.organisation.DepartmentpageTest">
    <skipped/>
  </testcase> <!-- validateDepartment -->
  <testcase name="logoutDepartmentScreen" time="2.202" classname="com.samaya.qa.testcases.organisation.DepartmentpageTest"/>
</testsuite> <!-- com.samaya.qa.testcases.organisation.DepartmentpageTest -->
