<?xml version="1.0" encoding="UTF-8"?>
<!-- Generated by org.testng.reporters.JUnitReportReporter -->
<testsuite skipped="0" hostname="securax2" name="com.samaya.qa.testcases.AffiliatePageTest" tests="5" failures="0" timestamp="21 Nov 2017 18:31:59 GMT" time="30.011" errors="0">
  <testcase name="verifyAffilitePage" time="3.153" classname="com.samaya.qa.testcases.AffiliatePageTest"/>
  <testcase name="validateCreateAffiliate" time="9.477" classname="com.samaya.qa.testcases.AffiliatePageTest"/>
  <testcase name="validateCreateAffiliate" time="7.562" classname="com.samaya.qa.testcases.AffiliatePageTest"/>
  <testcase name="validateCreateAffiliate" time="7.508" classname="com.samaya.qa.testcases.AffiliatePageTest"/>
  <testcase name="closeCreatePage" time="2.311" classname="com.samaya.qa.testcases.AffiliatePageTest"/>
</testsuite> <!-- com.samaya.qa.testcases.AffiliatePageTest -->
